2018-10-10 18:27:52,606 - INFO - Beginning execution of dms2_fracsurvive in directory /fh/fast/bloom_j/computational_notebooks/jmlee34/2018/HA_stalkbnAb_MAP

2018-10-10 18:27:52,606 - INFO - Progress is being logged to ./results/fracsurviveaboveavg/Perth-FI6v3-replicate-1.log
2018-10-10 18:27:52,616 - INFO - Version information:
	Time and date: Wed Oct 10 18:27:52 2018
	Platform: Linux-3.13.0-143-generic-x86_64-with-debian-jessie-sid
	Python version: 3.6.5 |Anaconda, Inc.| (default, Apr 29 2018, 16:14:56)  [GCC 7.2.0]
	dms_tools2 version: 2.3.0
	Bio version: 1.72
	HTSeq version: 0.11.0
	pandas version: 0.23.4
	numpy version: 1.15.1
	IPython version: 6.5.0
	jupyter version: 1.0.0
	matplotlib version: 3.0.0
	plotnine version: 0.4.0
	natsort version: 5.4.1
	pystan version: 2.16.0.0
	scipy version: 1.1.0
	seaborn version: 0.9.0
	phydmslib version: 2.3.1
	statsmodels version: 0.9.0
	rpy2 version: 2.9.1
	regex version: 2.4.146
	umi_tools version unknown

2018-10-10 18:27:52,616 - INFO - Parsed the following arguments:
	outdir = ./results/fracsurviveaboveavg/
	ncpus = 11
	use_existing = yes
	indir = ./results/renumberedcounts
	chartype = codon_to_aa
	aboveavg = yes
	excludestop = yes
	pseudocount = 5.0
	mincount = 0
	name = Perth-FI6v3-replicate-1
	sel = Perth-L1-FI6v3-15ug-ml
	mock = Perth-L1mock
	libfracsurvive = 0.062179999999999985
	err = Perth-WTplasmid

2018-10-10 18:27:52,619 - INFO - Reading selected sample counts from Perth-L1-FI6v3-15ug-ml
2018-10-10 18:27:52,649 - INFO - Reading mock-selected sample counts from Perth-L1mock
2018-10-10 18:27:52,658 - INFO - Reading error-control sample counts from Perth-WTplasmid
2018-10-10 18:27:52,666 - INFO - Computing fracsurvive for each mutation...
2018-10-10 18:27:52,666 - INFO - These are the fracsurvive **above** the library average of 0.062179999999999985
2018-10-10 18:27:55,929 - INFO - Mutations with largest mutfracsurvive:
site wildtype mutation  mutfracsurvive
(HA2)45        I        R            0.35
(HA2)45        I        Q            0.30
(HA2)45        I        M            0.22
(HA2)45        I        Y            0.20
(HA2)45        I        A            0.20
(HA2)53        N        G            0.19
(HA2)49        N        D            0.17
(HA2)53        N        D            0.14
(HA2)42        Q        R            0.14
(HA2)53        N        F            0.13

2018-10-10 18:27:55,930 - INFO - Writing to ./results/fracsurviveaboveavg/Perth-FI6v3-replicate-1_mutfracsurvive.csv
2018-10-10 18:27:55,962 - INFO - Computing sitefracsurvive...
2018-10-10 18:27:55,979 - INFO - Sites with largest avgfracsurvive:
site  avgfracsurvive  maxfracsurvive
 (HA2)45            0.10            0.35
 (HA2)53            0.08            0.19
 (HA2)42            0.03            0.14
(HA2)113            0.03            0.08
     323            0.03            0.08
 (HA2)57            0.02            0.11
 (HA2)47            0.02            0.05
  (HA2)4            0.02            0.07
     291            0.02            0.08
 (HA2)49            0.02            0.17

2018-10-10 18:27:55,979 - INFO - Writing to ./results/fracsurviveaboveavg/Perth-FI6v3-replicate-1_sitefracsurvive.csv
2018-10-10 18:27:55,986 - INFO - Successful completion of dms2_fracsurvive
