2018-10-10 18:27:45,311 - INFO - Beginning execution of dms2_batch_fracsurvive in directory /fh/fast/bloom_j/computational_notebooks/jmlee34/2018/HA_stalkbnAb_MAP

2018-10-10 18:27:45,311 - INFO - Progress is being logged to ./results/fracsurviveaboveavg/Perthsummary.log
2018-10-10 18:27:45,319 - INFO - Version information:
	Time and date: Wed Oct 10 18:27:45 2018
	Platform: Linux-3.13.0-143-generic-x86_64-with-debian-jessie-sid
	Python version: 3.6.5 |Anaconda, Inc.| (default, Apr 29 2018, 16:14:56)  [GCC 7.2.0]
	dms_tools2 version: 2.3.0
	Bio version: 1.72
	HTSeq version: 0.11.0
	pandas version: 0.23.4
	numpy version: 1.15.1
	IPython version: 6.5.0
	jupyter version: 1.0.0
	matplotlib version: 3.0.0
	plotnine version: 0.4.0
	natsort version: 5.4.1
	pystan version: 2.16.0.0
	scipy version: 1.1.0
	seaborn version: 0.9.0
	phydmslib version: 2.3.1
	statsmodels version: 0.9.0
	rpy2 version: 2.9.1
	regex version: 2.4.146
	umi_tools version unknown

2018-10-10 18:27:45,319 - INFO - Parsed the following arguments:
	outdir = ./results/fracsurviveaboveavg/
	ncpus = -1
	use_existing = yes
	indir = ./results/renumberedcounts
	chartype = codon_to_aa
	aboveavg = yes
	excludestop = yes
	pseudocount = 5
	mincount = 0
	batchfile = ./results/fracsurvive/batch.csv
	summaryprefix = Perthsummary

2018-10-10 18:27:45,319 - INFO - Parsing info from ./results/fracsurvive/batch.csv
2018-10-10 18:27:45,346 - INFO - Read the following sample information:
group,name,sel,mock,err,libfracsurvive,grouplabel,antibody
Perth-FI6v3-5ug-ml,replicate-2,Perth-L2-FI6v3-5ug-ml,Perth-L2mock,Perth-WTplasmid,0.07399,Perth vs FI6v3 (5 $\mu$g/ml),FI6v3
Perth-FI6v3,replicate-1,Perth-L1-FI6v3-15ug-ml,Perth-L1mock,Perth-WTplasmid,0.062179999999999985,Perth vs FI6v3,FI6v3
Perth-FI6v3,replicate-2,Perth-L2-FI6v3-12ug-ml,Perth-L2mock,Perth-WTplasmid,0.04329,Perth vs FI6v3,FI6v3
Perth-FI6v3,replicate-3a,Perth-L3-FI6v3-13ug-ml,Perth-L3mock,Perth-WTplasmid,0.0618,Perth vs FI6v3,FI6v3
Perth-FI6v3,replicate-3b,Perth-L3-FI6v3-15ug-ml,Perth-L3mock,Perth-WTplasmid,0.06863999999999999,Perth vs FI6v3,FI6v3


2018-10-10 18:27:45,363 - INFO - Running dms2_fracsurvive on all samples...
2018-10-10 18:27:56,514 - INFO - Completed runs of dms2_fracsurvive.

2018-10-10 18:27:56,543 - INFO - Analyzing the fracsurvive values for the 1 samples in group Perth-FI6v3-5ug-ml.
2018-10-10 18:27:56,543 - INFO - Writing mean mutfracsurvive to ./results/fracsurviveaboveavg/Perthsummary_Perth-FI6v3-5ug-ml-meanmutfracsurvive.csv
2018-10-10 18:27:56,617 - INFO - Writing mean sitefracsurvive to ./results/fracsurviveaboveavg/Perthsummary_Perth-FI6v3-5ug-ml-meansitefracsurvive.csv
2018-10-10 18:27:56,643 - INFO - Writing median mutfracsurvive to ./results/fracsurviveaboveavg/Perthsummary_Perth-FI6v3-5ug-ml-medianmutfracsurvive.csv
2018-10-10 18:27:56,741 - INFO - Writing median sitefracsurvive to ./results/fracsurviveaboveavg/Perthsummary_Perth-FI6v3-5ug-ml-mediansitefracsurvive.csv
2018-10-10 18:27:56,776 - INFO - Analyzing the fracsurvive values for the 4 samples in group Perth-FI6v3.
2018-10-10 18:27:56,776 - INFO - Plotting sitefracsurvive correlations to ./results/fracsurviveaboveavg/Perthsummary_Perth-FI6v3-mutfracsurvivecorr.pdf
2018-10-10 18:28:00,159 - INFO - Plotting sitefracsurvive correlations to ./results/fracsurviveaboveavg/Perthsummary_Perth-FI6v3-avgfracsurvivecorr.pdf
2018-10-10 18:28:02,022 - INFO - Plotting sitefracsurvive correlations to ./results/fracsurviveaboveavg/Perthsummary_Perth-FI6v3-maxfracsurvivecorr.pdf
2018-10-10 18:28:03,873 - INFO - Writing mean mutfracsurvive to ./results/fracsurviveaboveavg/Perthsummary_Perth-FI6v3-meanmutfracsurvive.csv
2018-10-10 18:28:04,041 - INFO - Writing mean sitefracsurvive to ./results/fracsurviveaboveavg/Perthsummary_Perth-FI6v3-meansitefracsurvive.csv
2018-10-10 18:28:04,068 - INFO - Writing median mutfracsurvive to ./results/fracsurviveaboveavg/Perthsummary_Perth-FI6v3-medianmutfracsurvive.csv
2018-10-10 18:28:04,310 - INFO - Writing median sitefracsurvive to ./results/fracsurviveaboveavg/Perthsummary_Perth-FI6v3-mediansitefracsurvive.csv
2018-10-10 18:28:04,341 - INFO - Plotting mean avgfracsurvive to ./results/fracsurviveaboveavg/Perthsummary_meanavgfracsurvive.pdf
2018-10-10 18:28:05,240 - INFO - Plotting mean maxfracsurvive to ./results/fracsurviveaboveavg/Perthsummary_meanmaxfracsurvive.pdf
2018-10-10 18:28:05,827 - INFO - Plotting median avgfracsurvive to ./results/fracsurviveaboveavg/Perthsummary_medianavgfracsurvive.pdf
2018-10-10 18:28:06,447 - INFO - Plotting median maxfracsurvive to ./results/fracsurviveaboveavg/Perthsummary_medianmaxfracsurvive.pdf
2018-10-10 18:28:07,012 - INFO - Successful completion of dms2_batch_fracsurvive
