2018-10-10 18:25:55,073 - INFO - Beginning execution of dms2_fracsurvive in directory /fh/fast/bloom_j/computational_notebooks/jmlee34/2018/HA_stalkbnAb_MAP

2018-10-10 18:25:55,073 - INFO - Progress is being logged to ./results/fracsurviveaboveavg/WSN-FI6v3-100ng-ml-replicate-1b.log
2018-10-10 18:25:55,084 - INFO - Version information:
	Time and date: Wed Oct 10 18:25:55 2018
	Platform: Linux-3.13.0-143-generic-x86_64-with-debian-jessie-sid
	Python version: 3.6.5 |Anaconda, Inc.| (default, Apr 29 2018, 16:14:56)  [GCC 7.2.0]
	dms_tools2 version: 2.3.0
	Bio version: 1.72
	HTSeq version: 0.11.0
	pandas version: 0.23.4
	numpy version: 1.15.1
	IPython version: 6.5.0
	jupyter version: 1.0.0
	matplotlib version: 3.0.0
	plotnine version: 0.4.0
	natsort version: 5.4.1
	pystan version: 2.16.0.0
	scipy version: 1.1.0
	seaborn version: 0.9.0
	phydmslib version: 2.3.1
	statsmodels version: 0.9.0
	rpy2 version: 2.9.1
	regex version: 2.4.146
	umi_tools version unknown

2018-10-10 18:25:55,084 - INFO - Parsed the following arguments:
	outdir = ./results/fracsurviveaboveavg/
	ncpus = 3
	use_existing = yes
	indir = ./results/renumberedcounts
	chartype = codon_to_aa
	aboveavg = yes
	excludestop = yes
	pseudocount = 5.0
	mincount = 0
	name = WSN-FI6v3-100ng-ml-replicate-1b
	sel = WSN-L1-FI6v3-100ng-ml-r2
	mock = WSN-L1-mock-r2-A
	libfracsurvive = 0.0139
	err = WSN-WTplasmid-A

2018-10-10 18:25:55,093 - INFO - Reading selected sample counts from WSN-L1-FI6v3-100ng-ml-r2
2018-10-10 18:25:55,124 - INFO - Reading mock-selected sample counts from WSN-L1-mock-r2-A
2018-10-10 18:25:55,134 - INFO - Reading error-control sample counts from WSN-WTplasmid-A
2018-10-10 18:25:55,142 - INFO - Computing fracsurvive for each mutation...
2018-10-10 18:25:55,143 - INFO - These are the fracsurvive **above** the library average of 0.0139
2018-10-10 18:25:58,837 - INFO - Mutations with largest mutfracsurvive:
site wildtype mutation  mutfracsurvive
(HA2)214        G        D            0.16
(HA2)150        E        R            0.16
     125        S        H            0.13
      40        V        K            0.13
     293        P        H            0.11
(HA2)175        G        L            0.11
     217        I        T            0.11
       4        V        M            0.11
     275        H        T            0.11
(HA2)174        D        A            0.11

2018-10-10 18:25:58,837 - INFO - Writing to ./results/fracsurviveaboveavg/WSN-FI6v3-100ng-ml-replicate-1b_mutfracsurvive.csv
2018-10-10 18:25:58,874 - INFO - Computing sitefracsurvive...
2018-10-10 18:25:58,889 - INFO - Sites with largest avgfracsurvive:
site  avgfracsurvive  maxfracsurvive
(HA2)150            0.01            0.16
(HA2)174            0.01            0.11
     280            0.01            0.10
(HA2)175            0.01            0.11
     158            0.01            0.09
       4            0.01            0.11
(HA2)214            0.01            0.16
 (HA2)47            0.01            0.07
      40            0.01            0.13
 (HA2)67            0.01            0.08

2018-10-10 18:25:58,889 - INFO - Writing to ./results/fracsurviveaboveavg/WSN-FI6v3-100ng-ml-replicate-1b_sitefracsurvive.csv
2018-10-10 18:25:58,899 - INFO - Successful completion of dms2_fracsurvive
