2018-10-10 18:25:54,920 - INFO - Beginning execution of dms2_fracsurvive in directory /fh/fast/bloom_j/computational_notebooks/jmlee34/2018/HA_stalkbnAb_MAP

2018-10-10 18:25:54,920 - INFO - Progress is being logged to ./results/fracsurviveaboveavg/WSN-FI6v3-200ng-ml-replicate-3.log
2018-10-10 18:25:54,928 - INFO - Version information:
	Time and date: Wed Oct 10 18:25:54 2018
	Platform: Linux-3.13.0-143-generic-x86_64-with-debian-jessie-sid
	Python version: 3.6.5 |Anaconda, Inc.| (default, Apr 29 2018, 16:14:56)  [GCC 7.2.0]
	dms_tools2 version: 2.3.0
	Bio version: 1.72
	HTSeq version: 0.11.0
	pandas version: 0.23.4
	numpy version: 1.15.1
	IPython version: 6.5.0
	jupyter version: 1.0.0
	matplotlib version: 3.0.0
	plotnine version: 0.4.0
	natsort version: 5.4.1
	pystan version: 2.16.0.0
	scipy version: 1.1.0
	seaborn version: 0.9.0
	phydmslib version: 2.3.1
	statsmodels version: 0.9.0
	rpy2 version: 2.9.1
	regex version: 2.4.146
	umi_tools version unknown

2018-10-10 18:25:54,928 - INFO - Parsed the following arguments:
	outdir = ./results/fracsurviveaboveavg/
	ncpus = 3
	use_existing = yes
	indir = ./results/renumberedcounts
	chartype = codon_to_aa
	aboveavg = yes
	excludestop = yes
	pseudocount = 5.0
	mincount = 0
	name = WSN-FI6v3-200ng-ml-replicate-3
	sel = WSN-L3-FI6v3-200ng-ml
	mock = WSN-L3-mock-A
	libfracsurvive = 0.00144
	err = WSN-WTplasmid-A

2018-10-10 18:25:54,932 - INFO - Reading selected sample counts from WSN-L3-FI6v3-200ng-ml
2018-10-10 18:25:54,963 - INFO - Reading mock-selected sample counts from WSN-L3-mock-A
2018-10-10 18:25:54,978 - INFO - Reading error-control sample counts from WSN-WTplasmid-A
2018-10-10 18:25:54,991 - INFO - Computing fracsurvive for each mutation...
2018-10-10 18:25:54,991 - INFO - These are the fracsurvive **above** the library average of 0.00144
2018-10-10 18:25:58,115 - INFO - Mutations with largest mutfracsurvive:
site wildtype mutation  mutfracsurvive
(HA2)171        E        M            0.13
     142        R        F            0.09
     184        H        F            0.08
 (HA2)36        A        T            0.06
      81        A        T            0.06
 (HA2)83        K        I            0.06
     93A        E        T            0.06
      60        Q        S            0.05
      70        L        I            0.05
(HA2)188        A        L            0.05

2018-10-10 18:25:58,116 - INFO - Writing to ./results/fracsurviveaboveavg/WSN-FI6v3-200ng-ml-replicate-3_mutfracsurvive.csv
2018-10-10 18:25:58,152 - INFO - Computing sitefracsurvive...
2018-10-10 18:25:58,169 - INFO - Sites with largest avgfracsurvive:
site  avgfracsurvive  maxfracsurvive
(HA2)171            0.01            0.13
     142            0.01            0.09
     184            0.00            0.08
 (HA2)36            0.00            0.06
      60            0.00            0.05
 (HA2)83            0.00            0.06
      81            0.00            0.06
     93A            0.00            0.06
      -8            0.00            0.04
      70            0.00            0.05

2018-10-10 18:25:58,169 - INFO - Writing to ./results/fracsurviveaboveavg/WSN-FI6v3-200ng-ml-replicate-3_sitefracsurvive.csv
2018-10-10 18:25:58,176 - INFO - Successful completion of dms2_fracsurvive
