2018-10-10 18:25:55,164 - INFO - Beginning execution of dms2_fracsurvive in directory /fh/fast/bloom_j/computational_notebooks/jmlee34/2018/HA_stalkbnAb_MAP

2018-10-10 18:25:55,165 - INFO - Progress is being logged to ./results/fracsurviveaboveavg/WSN-FI6v3-200ng-ml-replicate-1a.log
2018-10-10 18:25:55,174 - INFO - Version information:
	Time and date: Wed Oct 10 18:25:55 2018
	Platform: Linux-3.13.0-143-generic-x86_64-with-debian-jessie-sid
	Python version: 3.6.5 |Anaconda, Inc.| (default, Apr 29 2018, 16:14:56)  [GCC 7.2.0]
	dms_tools2 version: 2.3.0
	Bio version: 1.72
	HTSeq version: 0.11.0
	pandas version: 0.23.4
	numpy version: 1.15.1
	IPython version: 6.5.0
	jupyter version: 1.0.0
	matplotlib version: 3.0.0
	plotnine version: 0.4.0
	natsort version: 5.4.1
	pystan version: 2.16.0.0
	scipy version: 1.1.0
	seaborn version: 0.9.0
	phydmslib version: 2.3.1
	statsmodels version: 0.9.0
	rpy2 version: 2.9.1
	regex version: 2.4.146
	umi_tools version unknown

2018-10-10 18:25:55,174 - INFO - Parsed the following arguments:
	outdir = ./results/fracsurviveaboveavg/
	ncpus = 3
	use_existing = yes
	indir = ./results/renumberedcounts
	chartype = codon_to_aa
	aboveavg = yes
	excludestop = yes
	pseudocount = 5.0
	mincount = 0
	name = WSN-FI6v3-200ng-ml-replicate-1a
	sel = WSN-L1-FI6v3-200ng-ml-r1
	mock = WSN-L1-mock-r1-A
	libfracsurvive = 0.00465
	err = WSN-WTplasmid-A

2018-10-10 18:25:55,178 - INFO - Reading selected sample counts from WSN-L1-FI6v3-200ng-ml-r1
2018-10-10 18:25:55,213 - INFO - Reading mock-selected sample counts from WSN-L1-mock-r1-A
2018-10-10 18:25:55,223 - INFO - Reading error-control sample counts from WSN-WTplasmid-A
2018-10-10 18:25:55,234 - INFO - Computing fracsurvive for each mutation...
2018-10-10 18:25:55,234 - INFO - These are the fracsurvive **above** the library average of 0.00465
2018-10-10 18:26:00,278 - INFO - Mutations with largest mutfracsurvive:
site wildtype mutation  mutfracsurvive
     169        V        K            0.11
     323        I        K            0.11
     167        S        T            0.08
      55        K        S            0.07
      55        K        H            0.07
      46        S        E            0.06
(HA2)171        E        K            0.06
       2        A        V            0.06
     291        N        R            0.05
(HA2)213        N        V            0.05

2018-10-10 18:26:00,279 - INFO - Writing to ./results/fracsurviveaboveavg/WSN-FI6v3-200ng-ml-replicate-1a_mutfracsurvive.csv
2018-10-10 18:26:00,315 - INFO - Computing sitefracsurvive...
2018-10-10 18:26:00,334 - INFO - Sites with largest avgfracsurvive:
site  avgfracsurvive  maxfracsurvive
     323            0.01            0.11
      55            0.01            0.07
     169            0.01            0.11
     291            0.01            0.05
     167            0.01            0.08
(HA2)213            0.01            0.05
     300            0.00            0.05
     285            0.00            0.03
     280            0.00            0.04
      46            0.00            0.06

2018-10-10 18:26:00,334 - INFO - Writing to ./results/fracsurviveaboveavg/WSN-FI6v3-200ng-ml-replicate-1a_sitefracsurvive.csv
2018-10-10 18:26:00,342 - INFO - Successful completion of dms2_fracsurvive
